Currently Loaded Modulefiles:
  1) craype-network-aries
  2) craype-sandybridge
  3) craype/2.3.0
  4) intel/15.0.3.187
  5) cray-libsci/13.0.3
  6) udreg/2.3.2-1.0502.9889.2.20.ari
  7) ugni/6.0-1.0502.10245.9.9.ari
  8) pmi/5.0.6-1.0000.10439.140.2.ari
  9) dmapp/7.0.1-1.0502.10246.8.47.ari
 10) gni-headers/4.0-1.0502.10317.9.2.ari
 11) xpmem/0.1-2.0502.57015.1.15.ari
 12) dvs/2.5_0.9.0-1.0502.1958.2.55.ari
 13) alps/5.2.3-2.0502.9295.14.14.ari
 14) rca/1.0.0-2.0502.57212.2.56.ari
 15) atp/1.8.1
 16) PrgEnv-intel/5.2.56
 17) jasper-gnu-sandybridge/1.900.1
 18) png-intel-sandybridge/1.2.49
 19) zlib-intel-sandybridge/1.2.7
 20) w3nco-intel/2.0.6
 21) modulefile_g2tmpl-intel-sandybridge
cc -O3 -c -O3 -axCore-AVX2 -g -DUNDERSCORE process_4dot2.c
ar  -ruv ../intel/libg2tmpl_v1.5.0.a process_4dot2.o
ar: creating ../intel/libg2tmpl_v1.5.0.a
a - process_4dot2.o
rm -f process_4dot2.o
ftn -c -O3 -axCore-AVX2 -g -free -module ../intel/include grib2_all_tables_module.f
ar  -ruv ../intel/libg2tmpl_v1.5.0.a grib2_all_tables_module.o 
a - grib2_all_tables_module.o
rm -f grib2_all_tables_module.o
ftn -c -O3 -axCore-AVX2 -g -free -module ../intel/include gdtsec3.f
ar  -ruv ../intel/libg2tmpl_v1.5.0.a gdtsec3.o 
a - gdtsec3.o
rm -f gdtsec3.o
ftn -c -O3 -axCore-AVX2 -g -free -module ../intel/include g2sec4_temp1.f
ar  -ruv ../intel/libg2tmpl_v1.5.0.a g2sec4_temp1.o 
a - g2sec4_temp1.o
rm -f g2sec4_temp1.o
ftn -c -O3 -axCore-AVX2 -g -free -module ../intel/include g2sec4_temp11.f
ar  -ruv ../intel/libg2tmpl_v1.5.0.a g2sec4_temp11.o 
a - g2sec4_temp11.o
rm -f g2sec4_temp11.o
ftn -c -O3 -axCore-AVX2 -g -free -module ../intel/include g2sec4_temp12.f
ar  -ruv ../intel/libg2tmpl_v1.5.0.a g2sec4_temp12.o 
a - g2sec4_temp12.o
rm -f g2sec4_temp12.o
