Currently Loaded Modulefiles:
  1) craype-network-aries
  2) craype-haswell
  3) craype/2.3.0
  4) cce/8.3.10
  5) cray-libsci/13.0.3
  6) udreg/2.3.2-1.0502.9889.2.20.ari
  7) ugni/6.0-1.0502.10245.9.9.ari
  8) pmi/5.0.6-1.0000.10439.140.2.ari
  9) dmapp/7.0.1-1.0502.10246.8.47.ari
 10) gni-headers/4.0-1.0502.10317.9.2.ari
 11) xpmem/0.1-2.0502.57015.1.15.ari
 12) dvs/2.5_0.9.0-1.0502.1958.2.55.ari
 13) alps/5.2.3-2.0502.9295.14.14.ari
 14) rca/1.0.0-2.0502.57212.2.56.ari
 15) atp/1.8.1
 16) PrgEnv-cray/5.2.56
 17) jasper-gnu-haswell/1.900.1
 18) png-cray-haswell/1.2.49
 19) zlib-cray-haswell/1.2.7
 20) w3nco-cray-haswell/2.0.6
 21) modulefile_g2tmpl-cray-haswell
cc -O3 -c -O2 -G2 -DUNDERSCORE process_4dot2.c
ar  -ruv ../cray/libg2tmpl_v1.5.0.a process_4dot2.o
ar: creating ../cray/libg2tmpl_v1.5.0.a
a - process_4dot2.o
rm -f process_4dot2.o
ftn -c -O2 -G2 -f free -J ../cray/include grib2_all_tables_module.f
ar  -ruv ../cray/libg2tmpl_v1.5.0.a grib2_all_tables_module.o 
a - grib2_all_tables_module.o
rm -f grib2_all_tables_module.o
ftn -c -O2 -G2 -f free -J ../cray/include gdtsec3.f

                ideflist(1:ixlen)=igdtmpl(igdtlen+2:igdtlen+2+ixlen)
ftn-7220 crayftn: WARNING READGRIDS, File = gdtsec3.f, Line = 163 
  The array syntax statement may not be conformable.

             gtemp%grid_num=ient
ftn-7207 crayftn: WARNING READGRIDS, File = gdtsec3.f, Line = 175 
  Fortran pointer variable "gtemp" is being used before being pointer assigned or allocated.

Cray Fortran : Version 8.3.10 (u83060f83215i83183p83328a83009e83011z83328)
Cray Fortran :                (x8320r83015w83011t8311b83039)
Cray Fortran : Tue Mar 14, 2017  11:52:08
Cray Fortran : Compile time:  0.2200 seconds
Cray Fortran : 308 source lines
Cray Fortran : 0 errors, 2 warnings, 0 other messages, 0 ansi
Cray Fortran : "explain ftn-message number" gives more information about each message.
ar  -ruv ../cray/libg2tmpl_v1.5.0.a gdtsec3.o 
a - gdtsec3.o
rm -f gdtsec3.o
ftn -c -O2 -G2 -f free -J ../cray/include g2sec4_temp1.f
ar  -ruv ../cray/libg2tmpl_v1.5.0.a g2sec4_temp1.o 
a - g2sec4_temp1.o
rm -f g2sec4_temp1.o
ftn -c -O2 -G2 -f free -J ../cray/include g2sec4_temp11.f
ar  -ruv ../cray/libg2tmpl_v1.5.0.a g2sec4_temp11.o 
a - g2sec4_temp11.o
rm -f g2sec4_temp11.o
ftn -c -O2 -G2 -f free -J ../cray/include g2sec4_temp12.f
ar  -ruv ../cray/libg2tmpl_v1.5.0.a g2sec4_temp12.o 
a - g2sec4_temp12.o
rm -f g2sec4_temp12.o
